<?xml version="1.0" encoding="UTF-8"?>
<!-- Generated by org.testng.reporters.JUnitReportReporter -->
<testsuite hostname="DESKTOP-BLPGMT3" failures="0" tests="3" name="tests.CalculatorTest" time="4.113" errors="0" timestamp="2022-05-16T13:16:07 IST" skipped="0">
  <testcase classname="tests.CalculatorTest" name="test_fillDataToCalculateBorrowAmount" time="3.224"/>
  <system-out/>
  <testcase classname="tests.CalculatorTest" name="test_calculateOnlyWithLivingExpense" time="0.522"/>
  <system-out/>
  <testcase classname="tests.CalculatorTest" name="test_startOver" time="0.367"/>
  <system-out/>
</testsuite> <!-- tests.CalculatorTest -->
